# JRE version: OpenJDK Runtime Environment Temurin-21.0.10+7 (21.0.10+7) (build 21.0.10+7-LTS)
# Java VM: OpenJDK 64-Bit Server VM Temurin-21.0.10+7 (21.0.10+7-LTS, mixed mode, sharing, tiered, compressed oops, compressed class ptrs, g1 gc, windows-amd64)
GC Precious Log:
 CardTable entry size: 512
 Card Set container configuration: InlinePtr #cards 5 size 8 Array Of Cards #cards 12 size 40 Howl #buckets 4 coarsen threshold 1843 Howl Bitmap #cards 512 size 80 coarsen threshold 460 Card regions per heap region 1 cards per card region 2048
 CPUs: 4 total, 4 available
 Memory: 12163M
 Large Page Support: Disabled
 NUMA Support: Disabled
 Compressed Oops: Enabled (32-bit)
 Heap Region Size: 1M
 Heap Min Capacity: 8M
 Heap Initial Capacity: 192M
 Heap Max Capacity: 2G
 Pre-touch: Disabled
 Parallel Workers: 4
 Concurrent Workers: 1
 Concurrent Refinement Workers: 4
 Periodic GC: Disabled
Heap:
 garbage-first heap   total 181248K, used 150670K [0x0000000080000000, 0x0000000100000000)
  region size 1024K, 41 young (41984K), 7 survivors (7168K)
 Metaspace       used 126431K, committed 128960K, reserved 557056K
  class space    used 16556K, committed 17792K, reserved 425984K
GC Heap History (20 events):
Event: 48.588 GC heap before
{Heap before GC invocations=42 (full 0):
 garbage-first heap   total 162816K, used 150055K [0x0000000080000000, 0x0000000100000000)
  region size 1024K, 56 young (57344K), 7 survivors (7168K)
 Metaspace       used 117515K, committed 119808K, reserved 557056K
  class space    used 15519K, committed 16640K, reserved 425984K
}
Event: 48.609 GC heap after
{Heap after GC invocations=43 (full 0):
 garbage-first heap   total 164864K, used 91389K [0x0000000080000000, 0x0000000100000000)
  region size 1024K, 4 young (4096K), 4 survivors (4096K)
 Metaspace       used 117515K, committed 119808K, reserved 557056K
  class space    used 15519K, committed 16640K, reserved 425984K
}
Event: 48.796 GC heap before
{Heap before GC invocations=43 (full 0):
 garbage-first heap   total 164864K, used 109821K [0x0000000080000000, 0x0000000100000000)
  region size 1024K, 23 young (23552K), 4 survivors (4096K)
 Metaspace       used 117565K, committed 119872K, reserved 557056K
  class space    used 15519K, committed 16640K, reserved 425984K
}
Event: 48.810 GC heap after
{Heap after GC invocations=44 (full 0):
 garbage-first heap   total 164864K, used 94860K [0x0000000080000000, 0x0000000100000000)
  region size 1024K, 8 young (8192K), 8 survivors (8192K)
 Metaspace       used 117565K, committed 119872K, reserved 557056K
  class space    used 15519K, committed 16640K, reserved 425984K
}
Event: 50.026 GC heap before
{Heap before GC invocations=45 (full 0):
 garbage-first heap   total 164864K, used 151180K [0x0000000080000000, 0x0000000100000000)
  region size 1024K, 62 young (63488K), 8 survivors (8192K)
 Metaspace       used 118092K, committed 120448K, reserved 557056K
  class space    used 15538K, committed 16704K, reserved 425984K
}
Event: 50.033 GC heap after
{Heap after GC invocations=46 (full 0):
 garbage-first heap   total 164864K, used 91852K [0x0000000080000000, 0x0000000100000000)
  region size 1024K, 1 young (1024K), 1 survivors (1024K)
 Metaspace       used 118092K, committed 120448K, reserved 557056K
  class space    used 15538K, committed 16704K, reserved 425984K
}
Event: 59.128 GC heap before
{Heap before GC invocations=46 (full 0):
 garbage-first heap   total 164864K, used 157388K [0x0000000080000000, 0x0000000100000000)
  region size 1024K, 60 young (61440K), 1 survivors (1024K)
 Metaspace       used 119274K, committed 121600K, reserved 557056K
  class space    used 15652K, committed 16768K, reserved 425984K
}
Event: 59.153 GC heap after
{Heap after GC invocations=47 (full 0):
 garbage-first heap   total 168960K, used 101175K [0x0000000080000000, 0x0000000100000000)
  region size 1024K, 8 young (8192K), 8 survivors (8192K)
 Metaspace       used 119274K, committed 121600K, reserved 557056K
  class space    used 15652K, committed 16768K, reserved 425984K
}
Event: 59.500 GC heap before
{Heap before GC invocations=47 (full 0):
 garbage-first heap   total 168960K, used 107319K [0x0000000080000000, 0x0000000100000000)
  region size 1024K, 15 young (15360K), 8 survivors (8192K)
 Metaspace       used 119290K, committed 121600K, reserved 557056K
  class space    used 15652K, committed 16768K, reserved 425984K
}
Event: 59.518 GC heap after
{Heap after GC invocations=48 (full 0):
 garbage-first heap   total 168960K, used 103730K [0x0000000080000000, 0x0000000100000000)
  region size 1024K, 2 young (2048K), 2 survivors (2048K)
 Metaspace       used 119290K, committed 121600K, reserved 557056K
  class space    used 15652K, committed 16768K, reserved 425984K
}
Event: 60.754 GC heap before
{Heap before GC invocations=49 (full 0):
 garbage-first heap   total 173056K, used 146738K [0x0000000080000000, 0x0000000100000000)
  region size 1024K, 44 young (45056K), 2 survivors (2048K)
 Metaspace       used 119365K, committed 121664K, reserved 557056K
  class space    used 15652K, committed 16768K, reserved 425984K
}
Event: 60.762 GC heap after
{Heap after GC invocations=50 (full 0):
 garbage-first heap   total 173056K, used 106033K [0x0000000080000000, 0x0000000100000000)
  region size 1024K, 6 young (6144K), 6 survivors (6144K)
 Metaspace       used 119365K, committed 121664K, reserved 557056K
  class space    used 15652K, committed 16768K, reserved 425984K
}
Event: 61.835 GC heap before
{Heap before GC invocations=50 (full 0):
 garbage-first heap   total 173056K, used 151089K [0x0000000080000000, 0x0000000100000000)
  region size 1024K, 50 young (51200K), 6 survivors (6144K)
 Metaspace       used 119947K, committed 122304K, reserved 557056K
  class space    used 15691K, committed 16832K, reserved 425984K
}
Event: 61.854 GC heap after
{Heap after GC invocations=51 (full 0):
 garbage-first heap   total 173056K, used 105121K [0x0000000080000000, 0x0000000100000000)
  region size 1024K, 7 young (7168K), 7 survivors (7168K)
 Metaspace       used 119947K, committed 122304K, reserved 557056K
  class space    used 15691K, committed 16832K, reserved 425984K
}
Event: 61.921 GC heap before
{Heap before GC invocations=51 (full 0):
 garbage-first heap   total 173056K, used 109217K [0x0000000080000000, 0x0000000100000000)
  region size 1024K, 12 young (12288K), 7 survivors (7168K)
 Metaspace       used 119962K, committed 122304K, reserved 557056K
  class space    used 15691K, committed 16832K, reserved 425984K
}
Event: 61.932 GC heap after
{Heap after GC invocations=52 (full 0):
 garbage-first heap   total 173056K, used 107084K [0x0000000080000000, 0x0000000100000000)
  region size 1024K, 2 young (2048K), 2 survivors (2048K)
 Metaspace       used 119962K, committed 122304K, reserved 557056K
  class space    used 15691K, committed 16832K, reserved 425984K
}
Event: 62.420 GC heap before
{Heap before GC invocations=52 (full 0):
 garbage-first heap   total 181248K, used 153164K [0x0000000080000000, 0x0000000100000000)
  region size 1024K, 46 young (47104K), 2 survivors (2048K)
 Metaspace       used 120059K, committed 122432K, reserved 557056K
  class space    used 15691K, committed 16832K, reserved 425984K
}
Event: 62.428 GC heap after
{Heap after GC invocations=53 (full 0):
 garbage-first heap   total 181248K, used 110358K [0x0000000080000000, 0x0000000100000000)
  region size 1024K, 5 young (5120K), 5 survivors (5120K)
 Metaspace       used 120059K, committed 122432K, reserved 557056K
  class space    used 15691K, committed 16832K, reserved 425984K
}
Event: 65.370 GC heap before
{Heap before GC invocations=54 (full 0):
 garbage-first heap   total 181248K, used 163606K [0x0000000080000000, 0x0000000100000000)
  region size 1024K, 54 young (55296K), 5 survivors (5120K)
 Metaspace       used 123971K, committed 126464K, reserved 557056K
  class space    used 16207K, committed 17408K, reserved 425984K
}
Event: 65.400 GC heap after
{Heap after GC invocations=55 (full 0):
 garbage-first heap   total 181248K, used 116878K [0x0000000080000000, 0x0000000100000000)
  region size 1024K, 7 young (7168K), 7 survivors (7168K)
 Metaspace       used 123971K, committed 126464K, reserved 557056K
  class space    used 16207K, committed 17408K, reserved 425984K
}

